Determining if the log exist failed with the following output:
Change Dir: /home/qianm/Downloads/oss/oss-4470/labs/lab-07/Step5/CMakeFiles/CMakeTmp

Run Build Command(s):/usr/bin/make cmTC_2f3d9/fast && /usr/bin/make -f CMakeFiles/cmTC_2f3d9.dir/build.make CMakeFiles/cmTC_2f3d9.dir/build
make[1]: Entering directory '/home/qianm/Downloads/oss/oss-4470/labs/lab-07/Step5/CMakeFiles/CMakeTmp'
Building C object CMakeFiles/cmTC_2f3d9.dir/CheckSymbolExists.c.o
/usr/bin/cc    -o CMakeFiles/cmTC_2f3d9.dir/CheckSymbolExists.c.o   -c /home/qianm/Downloads/oss/oss-4470/labs/lab-07/Step5/CMakeFiles/CMakeTmp/CheckSymbolExists.c
Linking C executable cmTC_2f3d9
/usr/bin/cmake -E cmake_link_script CMakeFiles/cmTC_2f3d9.dir/link.txt --verbose=1
/usr/bin/cc      CMakeFiles/cmTC_2f3d9.dir/CheckSymbolExists.c.o  -o cmTC_2f3d9 
/usr/bin/ld: CMakeFiles/cmTC_2f3d9.dir/CheckSymbolExists.c.o: in function `main':
CheckSymbolExists.c:(.text+0x1f): undefined reference to `log'
collect2: error: ld returned 1 exit status
make[1]: *** [CMakeFiles/cmTC_2f3d9.dir/build.make:87: cmTC_2f3d9] Error 1
make[1]: Leaving directory '/home/qianm/Downloads/oss/oss-4470/labs/lab-07/Step5/CMakeFiles/CMakeTmp'
make: *** [Makefile:121: cmTC_2f3d9/fast] Error 2


File /home/qianm/Downloads/oss/oss-4470/labs/lab-07/Step5/CMakeFiles/CMakeTmp/CheckSymbolExists.c:
/* */
#include <math.h>

int main(int argc, char** argv)
{
  (void)argv;
#ifndef log
  return ((int*)(&log))[argc];
#else
  (void)argc;
  return 0;
#endif
}
Determining if the exp exist failed with the following output:
Change Dir: /home/qianm/Downloads/oss/oss-4470/labs/lab-07/Step5/CMakeFiles/CMakeTmp

Run Build Command(s):/usr/bin/make cmTC_e1208/fast && /usr/bin/make -f CMakeFiles/cmTC_e1208.dir/build.make CMakeFiles/cmTC_e1208.dir/build
make[1]: Entering directory '/home/qianm/Downloads/oss/oss-4470/labs/lab-07/Step5/CMakeFiles/CMakeTmp'
Building C object CMakeFiles/cmTC_e1208.dir/CheckSymbolExists.c.o
/usr/bin/cc    -o CMakeFiles/cmTC_e1208.dir/CheckSymbolExists.c.o   -c /home/qianm/Downloads/oss/oss-4470/labs/lab-07/Step5/CMakeFiles/CMakeTmp/CheckSymbolExists.c
Linking C executable cmTC_e1208
/usr/bin/cmake -E cmake_link_script CMakeFiles/cmTC_e1208.dir/link.txt --verbose=1
/usr/bin/cc      CMakeFiles/cmTC_e1208.dir/CheckSymbolExists.c.o  -o cmTC_e1208 
/usr/bin/ld: CMakeFiles/cmTC_e1208.dir/CheckSymbolExists.c.o: in function `main':
CheckSymbolExists.c:(.text+0x1f): undefined reference to `exp'
collect2: error: ld returned 1 exit status
make[1]: *** [CMakeFiles/cmTC_e1208.dir/build.make:87: cmTC_e1208] Error 1
make[1]: Leaving directory '/home/qianm/Downloads/oss/oss-4470/labs/lab-07/Step5/CMakeFiles/CMakeTmp'
make: *** [Makefile:121: cmTC_e1208/fast] Error 2


File /home/qianm/Downloads/oss/oss-4470/labs/lab-07/Step5/CMakeFiles/CMakeTmp/CheckSymbolExists.c:
/* */
#include <math.h>

int main(int argc, char** argv)
{
  (void)argv;
#ifndef exp
  return ((int*)(&exp))[argc];
#else
  (void)argc;
  return 0;
#endif
}
