Determining if the log exist failed with the following output:
Change Dir: /mnt/q/Github repos/cmake/Help/guide/tutorial/Step5/build/CMakeFiles/CMakeTmp

Run Build Command(s):/usr/bin/make cmTC_5f83d/fast && make: Warning: File 'Makefile' has modification time 0.63 s in the future
/usr/bin/make -f CMakeFiles/cmTC_5f83d.dir/build.make CMakeFiles/cmTC_5f83d.dir/build
make[1]: Entering directory '/mnt/q/Github repos/cmake/Help/guide/tutorial/Step5/build/CMakeFiles/CMakeTmp'
make[1]: Warning: File 'CMakeFiles/cmTC_5f83d.dir/flags.make' has modification time 0.62 s in the future
Building C object CMakeFiles/cmTC_5f83d.dir/CheckSymbolExists.c.o
/usr/bin/cc    -o CMakeFiles/cmTC_5f83d.dir/CheckSymbolExists.c.o   -c "/mnt/q/Github repos/cmake/Help/guide/tutorial/Step5/build/CMakeFiles/CMakeTmp/CheckSymbolExists.c"
Linking C executable cmTC_5f83d
/usr/bin/cmake -E cmake_link_script CMakeFiles/cmTC_5f83d.dir/link.txt --verbose=1
/usr/bin/cc      CMakeFiles/cmTC_5f83d.dir/CheckSymbolExists.c.o  -o cmTC_5f83d 
/usr/bin/ld: CMakeFiles/cmTC_5f83d.dir/CheckSymbolExists.c.o: in function `main':
CheckSymbolExists.c:(.text+0x1f): undefined reference to `log'
collect2: error: ld returned 1 exit status
make[1]: *** [CMakeFiles/cmTC_5f83d.dir/build.make:87: cmTC_5f83d] Error 1
make[1]: Leaving directory '/mnt/q/Github repos/cmake/Help/guide/tutorial/Step5/build/CMakeFiles/CMakeTmp'
make: *** [Makefile:121: cmTC_5f83d/fast] Error 2


File /mnt/q/Github repos/cmake/Help/guide/tutorial/Step5/build/CMakeFiles/CMakeTmp/CheckSymbolExists.c:
/* */
#include <math.h>

int main(int argc, char** argv)
{
  (void)argv;
#ifndef log
  return ((int*)(&log))[argc];
#else
  (void)argc;
  return 0;
#endif
}
Determining if the exp exist failed with the following output:
Change Dir: /mnt/q/Github repos/cmake/Help/guide/tutorial/Step5/build/CMakeFiles/CMakeTmp

Run Build Command(s):/usr/bin/make cmTC_3b921/fast && make: Warning: File 'Makefile' has modification time 0.63 s in the future
/usr/bin/make -f CMakeFiles/cmTC_3b921.dir/build.make CMakeFiles/cmTC_3b921.dir/build
make[1]: Entering directory '/mnt/q/Github repos/cmake/Help/guide/tutorial/Step5/build/CMakeFiles/CMakeTmp'
make[1]: Warning: File 'CMakeFiles/cmTC_3b921.dir/flags.make' has modification time 0.61 s in the future
Building C object CMakeFiles/cmTC_3b921.dir/CheckSymbolExists.c.o
/usr/bin/cc    -o CMakeFiles/cmTC_3b921.dir/CheckSymbolExists.c.o   -c "/mnt/q/Github repos/cmake/Help/guide/tutorial/Step5/build/CMakeFiles/CMakeTmp/CheckSymbolExists.c"
Linking C executable cmTC_3b921
/usr/bin/cmake -E cmake_link_script CMakeFiles/cmTC_3b921.dir/link.txt --verbose=1
/usr/bin/cc      CMakeFiles/cmTC_3b921.dir/CheckSymbolExists.c.o  -o cmTC_3b921 
/usr/bin/ld: CMakeFiles/cmTC_3b921.dir/CheckSymbolExists.c.o: in function `main':
CheckSymbolExists.c:(.text+0x1f): undefined reference to `exp'
collect2: error: ld returned 1 exit status
make[1]: *** [CMakeFiles/cmTC_3b921.dir/build.make:87: cmTC_3b921] Error 1
make[1]: Leaving directory '/mnt/q/Github repos/cmake/Help/guide/tutorial/Step5/build/CMakeFiles/CMakeTmp'
make: *** [Makefile:121: cmTC_3b921/fast] Error 2


File /mnt/q/Github repos/cmake/Help/guide/tutorial/Step5/build/CMakeFiles/CMakeTmp/CheckSymbolExists.c:
/* */
#include <math.h>

int main(int argc, char** argv)
{
  (void)argv;
#ifndef exp
  return ((int*)(&exp))[argc];
#else
  (void)argc;
  return 0;
#endif
}
